<?xml version="1.0" encoding="UTF-8"?>
<!-- Generated by org.testng.reporters.JUnitReportReporter -->
<testsuite hostname="EXPLTDC1PBT8H4W" name="tests.STS_CSROrder" tests="1" failures="0" timestamp="2 Feb 2018 20:12:46 GMT" time="226.261" errors="0">
  <testcase name="CSR_Order" time="226.261" classname="tests.STS_CSROrder"/>
</testsuite> <!-- tests.STS_CSROrder -->
